Arguments: 
  C:\Program Files\nodejs\node.exe C:\Users\texas\AppData\Roaming\npm\node_modules\yarn\bin\yarn.js add firebase-admin

PATH: 
  C:\Program Files\Oculus\Support\oculus-runtime;C:\Program Files\NVIDIA GPU Computing Toolkit\CUDA\v11.8\bin;C:\Program Files\NVIDIA GPU Computing Toolkit\CUDA\v11.8\libnvvp;C:\Program Files (x86)\VMware\VMware Player\bin\;C:\Program Files\Eclipse Adoptium\jdk-17.0.2.8-hotspot\bin;C:\Program Files (x86)\Common Files\Oracle\Java\javapath;C:\Program Files\NVIDIA GPU Computing Toolkit\CUDA\v11.3\bin;C:\Program Files\NVIDIA GPU Computing Toolkit\CUDA\v11.3\libnvvp;C:\Windows\system32;C:\Windows;C:\Windows\System32\Wbem;C:\Windows\System32\WindowsPowerShell\v1.0\;C:\Windows\System32\OpenSSH\;C:\Program Files (x86)\NVIDIA Corporation\PhysX\Common;C:\Program Files\NVIDIA Corporation\NVIDIA NvDLISR;C:\Program Files\Git\cmd;C:\ProgramData\chocolatey\bin;C:\Program Files\dotnet\;C:\Program Files\Microsoft SQL Server\130\Tools\Binn\;C:\Program Files\Microsoft SQL Server\Client SDK\ODBC\170\Tools\Binn\;C:\WINDOWS\system32;C:\WINDOWS;C:\WINDOWS\System32\Wbem;C:\WINDOWS\System32\WindowsPowerShell\v1.0\;C:\WINDOWS\System32\OpenSSH\;C:\Program Files\nodejs\;C:\Program Files\NVIDIA Corporation\Nsight Compute 2022.3.0\;C:\Program Files\Amazon\AWSCLIV2\;C:\Users\texas\AppData\Roaming\npm;C:\Users\texas\AppData\Roaming\Python\Python311\Scripts;C:\Users\texas\.pyenv\pyenv-win\bin;C:\Users\texas\.pyenv\pyenv-win\shims;C:\Program Files\Oculus\Support\oculus-runtime;C:\Program Files\NVIDIA GPU Computing Toolkit\CUDA\v11.8\bin;C:\Program Files\NVIDIA GPU Computing Toolkit\CUDA\v11.8\libnvvp;C:\Program Files (x86)\VMware\VMware Player\bin\;C:\Program Files\Eclipse Adoptium\jdk-17.0.2.8-hotspot\bin;C:\Program Files (x86)\Common Files\Oracle\Java\javapath;C:\Program Files\NVIDIA GPU Computing Toolkit\CUDA\v11.3\bin;C:\Program Files\NVIDIA GPU Computing Toolkit\CUDA\v11.3\libnvvp;C:\Windows\system32;C:\Windows;C:\Windows\System32\Wbem;C:\Windows\System32\WindowsPowerShell\v1.0\;C:\Windows\System32\OpenSSH\;C:\Program Files (x86)\NVIDIA Corporation\PhysX\Common;C:\Program Files\NVIDIA Corporation\NVIDIA NvDLISR;C:\Program Files\Git\cmd;C:\ProgramData\chocolatey\bin;C:\Program Files\dotnet\;C:\Program Files\Microsoft SQL Server\130\Tools\Binn\;C:\Program Files\Microsoft SQL Server\Client SDK\ODBC\170\Tools\Binn\;C:\WINDOWS\system32;C:\WINDOWS;C:\WINDOWS\System32\Wbem;C:\WINDOWS\System32\WindowsPowerShell\v1.0\;C:\WINDOWS\System32\OpenSSH\;C:\Program Files\nodejs\;C:\Program Files\PROS\cquery;C:\Program Files\PROS\cli;C:\Program Files\NVIDIA Corporation\Nsight Compute 2022.3.0\;C:\Program Files\Amazon\AWSCLIV2\;C:\Users\texas\AppData\Roaming\npm;C:\Users\texas\AppData\Roaming\Python\Python311\Scripts;C:\Users\texas\AppData\Local\Programs\Python\Python311\Scripts\;C:\Users\texas\AppData\Local\Programs\Python\Python311\;C:\Users\texas\AppData\Local\Programs\Python\Python311\Scripts\;C:\Users\texas\AppData\Local\Programs\Python\Python311\;C:\Users\texas\AppData\Roaming\npm;C:\Users\texas\AppData\Roaming\Python\Python311\Scripts;;C:\Users\texas\AppData\Local\Programs\Microsoft VS Code\bin

Yarn version: 
  1.22.10

Node version: 
  16.13.0

Platform: 
  win32 x64

Trace: 
  SyntaxError: C:\Users\texas\Desktop\Personal\unity\ARWorld\package.json: Unexpected end of JSON input
      at JSON.parse (<anonymous>)
      at C:\Users\texas\AppData\Roaming\npm\node_modules\yarn\lib\cli.js:1625:59
      at Generator.next (<anonymous>)
      at step (C:\Users\texas\AppData\Roaming\npm\node_modules\yarn\lib\cli.js:310:30)
      at C:\Users\texas\AppData\Roaming\npm\node_modules\yarn\lib\cli.js:321:13

npm manifest: 
  

yarn manifest: 
  No manifest

Lockfile: 
  No lockfile
